model-1585468409,1585468409.388,0.45,0.2508,0.5,0.2527
model-1585468409,1585468409.429,0.51,0.2482,0.48,0.2528
model-1585468409,1585468409.454,0.49,0.2528,0.54,0.2492
model-1585468409,1585468409.481,0.48,0.2505,0.41,0.2547
model-1585468409,1585468409.504,0.46,0.2519,0.39,0.2527
model-1585468409,1585468409.526,0.6,0.248,0.43,0.2523
model-1585468409,1585468409.548,0.46,0.2514,0.52,0.2496
model-1585468409,1585468409.583,0.51,0.2499,0.48,0.2501
model-1585468409,1585468409.609,0.49,0.2502,0.51,0.2496
model-1585468409,1585468409.646,0.61,0.249,0.53,0.2493
model-1585468409,1585468409.668,0.46,0.2503,0.61,0.2485
model-1585468409,1585468409.69,0.47,0.2493,0.52,0.2489
model-1585468409,1585468409.712,0.52,0.2491,0.54,0.2497
model-1585468409,1585468409.733,0.48,0.2486,0.6,0.2495
model-1585468409,1585468409.754,0.58,0.2491,0.48,0.2476
model-1585468409,1585468409.774,0.49,0.2493,0.53,0.2489
model-1585468409,1585468409.794,0.59,0.246,0.51,0.2494
model-1585468409,1585468409.818,0.42,0.2567,0.5,0.2506
model-1585468409,1585468409.842,0.49,0.2512,0.51,0.2491
model-1585468409,1585468409.867,0.45,0.2501,0.52,0.2503
model-1585468409,1585468409.889,0.55,0.2442,0.47,0.2545
model-1585468409,1585468409.91,0.57,0.2441,0.53,0.2455
model-1585468409,1585468409.932,0.51,0.2503,0.51,0.2551
model-1585468409,1585468409.955,0.46,0.2503,0.51,0.2475
model-1585468409,1585468409.977,0.52,0.2369,0.44,0.2546
model-1585468409,1585468409.999,0.43,0.2553,0.58,0.2429
model-1585468409,1585468410.021,0.54,0.25,0.62,0.2485
model-1585468409,1585468410.043,0.58,0.2464,0.55,0.2499
model-1585468409,1585468410.066,0.63,0.2447,0.53,0.2472
model-1585468409,1585468410.087,0.67,0.2428,0.52,0.2494
model-1585468409,1585468410.109,0.63,0.2407,0.46,0.2528
model-1585468409,1585468410.13,0.5,0.2549,0.54,0.2446
model-1585468409,1585468410.152,0.47,0.2491,0.56,0.2439
model-1585468409,1585468410.179,0.56,0.245,0.53,0.2497
model-1585468409,1585468410.2,0.5,0.2488,0.5,0.2432
model-1585468409,1585468410.221,0.57,0.2434,0.51,0.2452
model-1585468409,1585468410.242,0.55,0.2482,0.56,0.2437
model-1585468409,1585468410.264,0.53,0.2385,0.46,0.2467
model-1585468409,1585468410.286,0.55,0.2396,0.51,0.2491
model-1585468409,1585468410.314,0.43,0.2609,0.5,0.2581
model-1585468409,1585468410.354,0.58,0.2419,0.43,0.2508
model-1585468409,1585468410.397,0.48,0.2297,0.54,0.2451
model-1585468409,1585468410.428,0.51,0.2441,0.55,0.2487
model-1585468409,1585468410.47,0.53,0.2435,0.57,0.2483
model-1585468409,1585468410.51,0.52,0.2571,0.55,0.2425
model-1585468409,1585468410.552,0.55,0.2577,0.62,0.2418
model-1585468409,1585468410.585,0.5,0.2525,0.55,0.2433
model-1585468409,1585468410.625,0.49,0.2583,0.53,0.2464
model-1585468409,1585468410.655,0.44,0.2517,0.54,0.2494
model-1585468409,1585468410.676,0.54,0.2473,0.52,0.248
model-1585468409,1585468410.697,0.43,0.2497,0.44,0.2517
model-1585468409,1585468410.718,0.55,0.2464,0.51,0.25
model-1585468409,1585468410.739,0.6,0.2443,0.42,0.2518
model-1585468409,1585468410.76,0.58,0.2457,0.48,0.2503
model-1585468409,1585468410.784,0.56,0.2479,0.59,0.2454
model-1585468409,1585468410.816,0.51,0.2488,0.52,0.2513
model-1585468409,1585468410.853,0.55,0.2474,0.51,0.2518
model-1585468409,1585468410.895,0.48,0.252,0.51,0.2497
model-1585468409,1585468410.936,0.56,0.2458,0.62,0.2443
model-1585468409,1585468410.97,0.56,0.247,0.54,0.2432
model-1585468409,1585468411.013,0.53,0.246,0.55,0.2479
model-1585468409,1585468411.056,0.51,0.2487,0.56,0.2417
model-1585468409,1585468411.097,0.64,0.2416,0.57,0.2488
model-1585468409,1585468411.126,0.5,0.2514,0.53,0.2456
model-1585468409,1585468411.148,0.52,0.2502,0.47,0.2517
model-1585468409,1585468411.169,0.54,0.2435,0.53,0.2467
model-1585468409,1585468411.189,0.57,0.2489,0.4,0.2541
model-1585468409,1585468411.21,0.57,0.2479,0.53,0.2472
model-1585468409,1585468411.231,0.61,0.2376,0.48,0.2466
model-1585468409,1585468411.252,0.49,0.245,0.53,0.2514
model-1585468409,1585468411.273,0.53,0.2427,0.54,0.2465
model-1585468409,1585468411.293,0.58,0.2371,0.52,0.2508
model-1585468409,1585468411.314,0.57,0.2392,0.55,0.2395
model-1585468409,1585468411.335,0.6,0.241,0.53,0.2387
model-1585468409,1585468411.357,0.54,0.2452,0.54,0.2518
model-1585468409,1585468411.378,0.59,0.242,0.55,0.2481
model-1585468409,1585468411.399,0.51,0.2539,0.47,0.2495
model-1585468409,1585468411.42,0.5,0.2487,0.57,0.2411
model-1585468409,1585468411.442,0.58,0.2338,0.51,0.2537
model-1585468409,1585468411.465,0.57,0.25,0.53,0.2504
model-1585468409,1585468411.486,0.6,0.256,0.46,0.2515
model-1585468409,1585468411.508,0.45,0.2633,0.55,0.2443
model-1585468409,1585468411.529,0.49,0.2495,0.51,0.2448
model-1585468409,1585468411.551,0.56,0.2411,0.51,0.2386
model-1585468409,1585468411.573,0.54,0.244,0.52,0.242
model-1585468409,1585468411.594,0.59,0.2301,0.56,0.251
model-1585468409,1585468411.615,0.53,0.2451,0.51,0.2542
model-1585468409,1585468411.636,0.6,0.243,0.46,0.2617
model-1585468409,1585468411.658,0.52,0.2432,0.52,0.2461
model-1585468409,1585468411.68,0.47,0.2474,0.51,0.245
model-1585468409,1585468411.7,0.49,0.2551,0.51,0.244
model-1585468409,1585468411.721,0.53,0.2509,0.52,0.2516
model-1585468409,1585468411.743,0.58,0.2401,0.45,0.2509
model-1585468409,1585468411.767,0.49,0.2589,0.49,0.251
model-1585468409,1585468411.789,0.58,0.236,0.56,0.2388
model-1585468409,1585468411.81,0.49,0.2416,0.52,0.2449
model-1585468409,1585468411.831,0.53,0.24,0.57,0.2437
model-1585468409,1585468411.853,0.52,0.2482,0.6,0.2437
model-1585468409,1585468411.876,0.45,0.2559,0.52,0.2512
model-1585468409,1585468411.898,0.5,0.2505,0.57,0.2455
model-1585468409,1585468411.92,0.54,0.2405,0.48,0.2453
model-1585468409,1585468411.941,0.61,0.2527,0.56,0.2482
model-1585468409,1585468411.963,0.58,0.2477,0.5,0.2489
model-1585468409,1585468411.984,0.52,0.2451,0.53,0.2419
model-1585468409,1585468412.006,0.56,0.2463,0.47,0.252
model-1585468409,1585468412.027,0.48,0.2504,0.48,0.2465
model-1585468409,1585468412.048,0.47,0.2489,0.56,0.2456
model-1585468409,1585468412.069,0.58,0.2485,0.66,0.2383
model-1585468409,1585468412.092,0.52,0.2484,0.5,0.2474
model-1585468409,1585468412.116,0.49,0.2481,0.52,0.2488
model-1585468409,1585468412.137,0.61,0.2437,0.5,0.2514
model-1585468409,1585468412.157,0.57,0.2483,0.53,0.2488
model-1585468409,1585468412.178,0.56,0.244,0.63,0.2445
model-1585468409,1585468412.2,0.48,0.2512,0.63,0.2437
model-1585468409,1585468412.221,0.57,0.2448,0.51,0.2497
model-1585468409,1585468412.242,0.54,0.2439,0.62,0.2419
model-1585468409,1585468412.262,0.57,0.2473,0.59,0.2377
model-1585468409,1585468412.283,0.52,0.2469,0.48,0.2478
model-1585468409,1585468412.305,0.53,0.2469,0.57,0.2423
model-1585468409,1585468412.326,0.54,0.2456,0.44,0.2515
model-1585468409,1585468412.347,0.53,0.244,0.51,0.2476
model-1585468409,1585468412.367,0.51,0.2491,0.47,0.2461
model-1585468409,1585468412.388,0.51,0.2478,0.62,0.2388
model-1585468409,1585468412.409,0.51,0.2466,0.53,0.2467
model-1585468409,1585468412.432,0.6,0.2398,0.58,0.2423
model-1585468409,1585468412.452,0.54,0.2396,0.53,0.2482
model-1585468409,1585468412.473,0.57,0.2482,0.53,0.2533
model-1585468409,1585468412.493,0.51,0.2531,0.57,0.2538
model-1585468409,1585468412.515,0.52,0.2504,0.63,0.2317
model-1585468409,1585468412.537,0.63,0.2388,0.49,0.2539
model-1585468409,1585468412.557,0.61,0.2279,0.55,0.2513
model-1585468409,1585468412.578,0.55,0.2411,0.57,0.2399
model-1585468409,1585468412.598,0.57,0.2403,0.52,0.251
model-1585468409,1585468412.62,0.59,0.2233,0.56,0.2525
model-1585468409,1585468412.641,0.61,0.2332,0.52,0.2555
model-1585468409,1585468412.662,0.58,0.2359,0.53,0.25
model-1585468409,1585468412.683,0.61,0.2287,0.58,0.2413
model-1585468409,1585468412.704,0.56,0.2496,0.56,0.2425
model-1585468409,1585468412.726,0.52,0.2328,0.61,0.2574
model-1585468409,1585468412.748,0.63,0.2421,0.57,0.2416
model-1585468409,1585468412.768,0.51,0.249,0.54,0.2541
model-1585468409,1585468412.788,0.63,0.2385,0.58,0.2485
model-1585468409,1585468412.809,0.52,0.2667,0.61,0.2319
model-1585468409,1585468412.83,0.63,0.2167,0.55,0.2489
model-1585468409,1585468412.851,0.57,0.2265,0.62,0.2384
model-1585468409,1585468412.872,0.66,0.2283,0.52,0.2425
model-1585468409,1585468412.892,0.52,0.2479,0.64,0.2392
model-1585468409,1585468412.912,0.55,0.2539,0.54,0.2402
model-1585468409,1585468412.934,0.6,0.2365,0.58,0.2465
model-1585468409,1585468412.955,0.62,0.234,0.54,0.2444
model-1585468409,1585468412.975,0.59,0.2392,0.56,0.2466
model-1585468409,1585468412.996,0.53,0.248,0.58,0.2352
model-1585468409,1585468413.016,0.57,0.2365,0.56,0.252
model-1585468409,1585468413.037,0.6,0.2337,0.57,0.2433
model-1585468409,1585468413.059,0.5,0.2511,0.59,0.2335
model-1585468409,1585468413.079,0.61,0.2404,0.55,0.2413
model-1585468409,1585468413.1,0.54,0.2484,0.55,0.2463
model-1585468409,1585468413.12,0.57,0.2406,0.58,0.2487
model-1585468409,1585468413.141,0.59,0.2426,0.61,0.244
model-1585468409,1585468413.172,0.63,0.2388,0.55,0.2387
model-1585468409,1585468413.192,0.59,0.231,0.46,0.2479
model-1585468409,1585468413.213,0.5,0.243,0.59,0.2566
model-1585468409,1585468413.234,0.54,0.2391,0.59,0.2421
model-1585468409,1585468413.256,0.54,0.2348,0.49,0.2452
model-1585468409,1585468413.278,0.58,0.2453,0.52,0.2557
model-1585468409,1585468413.298,0.49,0.247,0.58,0.2396
model-1585468409,1585468413.319,0.63,0.2214,0.5,0.244
model-1585468409,1585468413.34,0.57,0.2454,0.54,0.2565
model-1585468409,1585468413.362,0.61,0.2267,0.61,0.2394
model-1585468409,1585468413.384,0.56,0.2463,0.6,0.241
model-1585468409,1585468413.404,0.59,0.2469,0.56,0.2379
model-1585468409,1585468413.426,0.66,0.2205,0.66,0.232
model-1585468409,1585468413.446,0.61,0.2256,0.58,0.2314
model-1585468409,1585468413.468,0.51,0.2531,0.53,0.2465
model-1585468409,1585468413.489,0.64,0.2236,0.54,0.2459
model-1585468409,1585468413.51,0.68,0.2273,0.58,0.2387
model-1585468409,1585468413.531,0.56,0.2477,0.51,0.2685
model-1585468409,1585468413.551,0.49,0.2599,0.56,0.2423
model-1585468409,1585468413.573,0.58,0.2457,0.56,0.2443
model-1585468409,1585468413.595,0.57,0.2395,0.64,0.2364
model-1585468409,1585468413.616,0.64,0.2204,0.59,0.2342
model-1585468409,1585468413.637,0.71,0.2222,0.64,0.2312
model-1585468409,1585468413.657,0.54,0.2454,0.58,0.2417
model-1585468409,1585468413.68,0.57,0.2415,0.57,0.2464
model-1585468409,1585468413.701,0.61,0.2341,0.62,0.2259
model-1585468409,1585468413.722,0.56,0.2408,0.68,0.2259
model-1585468409,1585468413.743,0.66,0.2431,0.62,0.2342
model-1585468409,1585468413.763,0.67,0.2333,0.49,0.2441
model-1585468409,1585468413.785,0.67,0.222,0.67,0.2319
model-1585468409,1585468413.807,0.74,0.2098,0.63,0.2191
model-1585468409,1585468413.828,0.53,0.2411,0.69,0.2282
model-1585468409,1585468413.848,0.62,0.2233,0.65,0.2231
model-1585468409,1585468413.869,0.58,0.2348,0.58,0.2451
model-1585468409,1585468413.89,0.65,0.229,0.55,0.2525
model-1585468409,1585468413.913,0.61,0.2284,0.59,0.244
model-1585468409,1585468413.933,0.6,0.2287,0.53,0.2571
model-1585468409,1585468413.954,0.56,0.2315,0.67,0.226
model-1585468409,1585468413.974,0.69,0.2122,0.63,0.24
model-1585468409,1585468413.997,0.64,0.2406,0.6,0.2331
model-1585468409,1585468414.018,0.71,0.2031,0.68,0.2213
model-1585468409,1585468414.038,0.61,0.2399,0.63,0.2312
model-1585468409,1585468414.059,0.64,0.2202,0.6,0.2503
model-1585468409,1585468414.08,0.57,0.2568,0.53,0.2526
model-1585468409,1585468414.102,0.68,0.2187,0.7,0.21
model-1585468409,1585468414.124,0.68,0.208,0.74,0.2059
model-1585468409,1585468414.144,0.53,0.2476,0.55,0.2505
model-1585468409,1585468414.165,0.63,0.2344,0.61,0.2502
model-1585468409,1585468414.186,0.69,0.2008,0.7,0.2127
model-1585468409,1585468414.207,0.58,0.2575,0.61,0.2228
model-1585468409,1585468414.229,0.61,0.2355,0.63,0.2204
model-1585468409,1585468414.25,0.53,0.2418,0.6,0.2536
model-1585468409,1585468414.27,0.68,0.2122,0.67,0.2172
model-1585468409,1585468414.291,0.61,0.2399,0.62,0.2375
model-1585468409,1585468414.314,0.63,0.2264,0.63,0.2265
model-1585468409,1585468414.335,0.68,0.2206,0.66,0.2179
model-1585468409,1585468414.356,0.58,0.2363,0.6,0.2402
model-1585468409,1585468414.376,0.59,0.2356,0.62,0.2337
model-1585468409,1585468414.397,0.61,0.2342,0.55,0.2371
model-1585468409,1585468414.42,0.53,0.2558,0.66,0.2259
model-1585468409,1585468414.442,0.61,0.2252,0.65,0.2266
model-1585468409,1585468414.463,0.7,0.2069,0.65,0.2187
model-1585468409,1585468414.483,0.62,0.2346,0.62,0.2234
model-1585468409,1585468414.504,0.61,0.2267,0.6,0.2326
model-1585468409,1585468414.526,0.61,0.2339,0.68,0.2136
model-1585468409,1585468414.542,0.63,0.2248,0.65,0.2246
model-1585468409,1585468414.564,0.66,0.2142,0.66,0.2321
model-1585468409,1585468414.599,0.69,0.2037,0.64,0.2214
model-1585468409,1585468414.62,0.62,0.2324,0.69,0.2081
model-1585468409,1585468414.641,0.65,0.2191,0.71,0.2092
model-1585468409,1585468414.661,0.61,0.2493,0.69,0.2054
model-1585468409,1585468414.684,0.66,0.2259,0.67,0.216
model-1585468409,1585468414.706,0.61,0.2349,0.7,0.2107
model-1585468409,1585468414.727,0.7,0.2098,0.62,0.2106
model-1585468409,1585468414.747,0.67,0.2217,0.68,0.2175
model-1585468409,1585468414.768,0.64,0.2299,0.69,0.203
model-1585468409,1585468414.789,0.65,0.2176,0.69,0.1977
model-1585468409,1585468414.811,0.66,0.2102,0.66,0.2058
model-1585468409,1585468414.832,0.61,0.2269,0.61,0.2306
model-1585468409,1585468414.853,0.68,0.2009,0.7,0.2141
model-1585468409,1585468414.873,0.65,0.2356,0.59,0.2437
model-1585468409,1585468414.896,0.69,0.2075,0.69,0.2209
model-1585468409,1585468414.917,0.67,0.2161,0.65,0.2371
model-1585468409,1585468414.939,0.61,0.238,0.59,0.2403
model-1585468409,1585468414.961,0.64,0.198,0.59,0.2456
model-1585468409,1585468414.981,0.67,0.1897,0.69,0.2194
model-1585468409,1585468415.003,0.55,0.2816,0.6,0.2523
model-1585468409,1585468415.025,0.58,0.2356,0.58,0.2333
model-1585468409,1585468415.046,0.68,0.2001,0.59,0.2399
model-1585468409,1585468415.067,0.69,0.2081,0.55,0.2466
model-1585468409,1585468415.088,0.65,0.2172,0.65,0.2171
model-1585468409,1585468415.11,0.6,0.2272,0.63,0.2211
model-1585468409,1585468415.132,0.61,0.2075,0.7,0.2128
model-1585468409,1585468415.153,0.67,0.2106,0.64,0.222
model-1585468409,1585468415.174,0.7,0.1978,0.63,0.2171
model-1585468409,1585468415.194,0.73,0.1919,0.53,0.243
model-1585468409,1585468415.216,0.63,0.2073,0.62,0.237
model-1585468409,1585468415.239,0.55,0.269,0.61,0.2283
model-1585468409,1585468415.259,0.65,0.241,0.59,0.2331
model-1585468409,1585468415.28,0.76,0.1952,0.64,0.2188
model-1585468409,1585468415.301,0.68,0.2008,0.57,0.2553
model-1585468409,1585468415.322,0.61,0.2476,0.64,0.232
model-1585468409,1585468415.347,0.67,0.2221,0.74,0.2017
model-1585468409,1585468415.37,0.71,0.2043,0.58,0.2408
model-1585468409,1585468415.392,0.56,0.2618,0.72,0.1954
model-1585468409,1585468415.414,0.53,0.2547,0.56,0.2346
model-1585468409,1585468415.439,0.65,0.214,0.6,0.2318
model-1585468409,1585468415.463,0.72,0.2092,0.69,0.2182
model-1585468409,1585468415.489,0.64,0.218,0.62,0.236
model-1585468409,1585468415.513,0.54,0.2429,0.65,0.2118
model-1585468409,1585468415.534,0.61,0.2289,0.62,0.2416
model-1585468409,1585468415.557,0.71,0.1987,0.65,0.2326
model-1585468409,1585468415.581,0.69,0.216,0.55,0.2531
model-1585468409,1585468415.602,0.61,0.2364,0.57,0.236
model-1585468409,1585468415.624,0.57,0.2438,0.59,0.2427
model-1585468409,1585468415.646,0.59,0.2391,0.66,0.2256
model-1585468409,1585468415.67,0.72,0.2066,0.61,0.2251
model-1585468409,1585468415.693,0.63,0.2228,0.64,0.2215
model-1585468409,1585468415.716,0.61,0.2343,0.66,0.2206
model-1585468409,1585468415.737,0.61,0.2376,0.6,0.2281
model-1585468409,1585468415.759,0.64,0.2253,0.64,0.2187
model-1585468409,1585468415.783,0.64,0.2185,0.67,0.2217
model-1585468409,1585468415.805,0.7,0.2171,0.68,0.2217
model-1585468409,1585468415.827,0.63,0.2142,0.62,0.2338
model-1585468409,1585468415.849,0.69,0.2102,0.61,0.2242
model-1585468409,1585468415.871,0.66,0.2218,0.64,0.2258
model-1585468409,1585468415.896,0.69,0.2175,0.61,0.2286
model-1585468409,1585468415.917,0.64,0.2191,0.68,0.2238
model-1585468409,1585468415.939,0.71,0.1964,0.7,0.2177
model-1585468409,1585468415.96,0.62,0.2351,0.67,0.208
model-1585468409,1585468415.982,0.71,0.192,0.65,0.2229
model-1585468409,1585468416.006,0.68,0.2015,0.67,0.2196
model-1585468409,1585468416.03,0.6,0.224,0.72,0.1865
model-1585468409,1585468416.053,0.7,0.1994,0.71,0.1904
model-1585468409,1585468416.074,0.73,0.192,0.67,0.2189
model-1585468409,1585468416.098,0.7,0.1913,0.72,0.2071
model-1585468409,1585468416.12,0.71,0.196,0.63,0.2197
model-1585468409,1585468416.144,0.79,0.1741,0.67,0.2205
model-1585468409,1585468416.166,0.71,0.1944,0.68,0.1936
model-1585468409,1585468416.206,0.71,0.1974,0.73,0.1858
model-1585468409,1585468416.242,0.67,0.2024,0.67,0.2257
model-1585468409,1585468416.286,0.71,0.2056,0.68,0.217
model-1585468409,1585468416.33,0.68,0.2074,0.71,0.2018
model-1585468409,1585468416.353,0.59,0.2603,0.66,0.2177
model-1585468409,1585468416.374,0.63,0.2071,0.68,0.2244
model-1585468409,1585468416.395,0.72,0.1916,0.64,0.2154
model-1585468409,1585468416.417,0.56,0.2424,0.62,0.1877
model-1585468409,1585468416.439,0.67,0.2096,0.64,0.2079
model-1585468409,1585468416.461,0.72,0.1949,0.57,0.2495
model-1585468409,1585468416.483,0.74,0.1822,0.64,0.225
model-1585468409,1585468416.507,0.81,0.1744,0.72,0.1982
model-1585468409,1585468416.533,0.74,0.2046,0.65,0.215
model-1585468409,1585468416.557,0.69,0.2003,0.65,0.2265
model-1585468409,1585468416.58,0.7,0.1937,0.72,0.1873
model-1585468409,1585468416.602,0.75,0.1714,0.64,0.2166
model-1585468409,1585468416.624,0.66,0.213,0.69,0.2106
model-1585468409,1585468416.648,0.68,0.2251,0.61,0.2343
model-1585468409,1585468416.671,0.77,0.1893,0.65,0.202
model-1585468409,1585468416.693,0.7,0.1888,0.63,0.2145
model-1585468409,1585468416.715,0.56,0.2569,0.69,0.2126
model-1585468409,1585468416.736,0.7,0.1932,0.67,0.2127
model-1585468409,1585468416.759,0.6,0.2295,0.58,0.2285
model-1585468409,1585468416.781,0.66,0.2205,0.6,0.2179
model-1585468409,1585468416.803,0.72,0.1938,0.7,0.1963
model-1585468409,1585468416.824,0.59,0.2212,0.65,0.2135
model-1585468409,1585468416.845,0.65,0.2121,0.7,0.1971
model-1585468409,1585468416.867,0.63,0.1997,0.55,0.2347
model-1585468409,1585468416.889,0.57,0.2476,0.67,0.1965
model-1585468409,1585468416.912,0.66,0.2224,0.65,0.2066
model-1585468409,1585468416.936,0.76,0.1822,0.62,0.2365
model-1585468409,1585468416.961,0.73,0.1978,0.62,0.221
model-1585468409,1585468416.986,0.7,0.194,0.65,0.2129
model-1585468409,1585468417.008,0.63,0.2204,0.67,0.2001
model-1585468409,1585468417.029,0.62,0.2225,0.72,0.1869
model-1585468409,1585468417.051,0.66,0.1944,0.72,0.1984
model-1585468409,1585468417.072,0.62,0.2388,0.67,0.2132
model-1585468409,1585468417.094,0.62,0.2409,0.7,0.2054
model-1585468409,1585468417.116,0.72,0.2075,0.72,0.1962
model-1585468409,1585468417.137,0.72,0.1745,0.65,0.2143
model-1585468409,1585468417.158,0.62,0.2214,0.67,0.2098
model-1585468409,1585468417.179,0.71,0.1864,0.68,0.2051
model-1585468409,1585468417.201,0.73,0.1996,0.61,0.2262
model-1585468409,1585468417.223,0.71,0.1895,0.61,0.2159
model-1585468409,1585468417.244,0.66,0.2008,0.67,0.2028
model-1585468409,1585468417.265,0.68,0.1948,0.57,0.238
model-1585468409,1585468417.286,0.69,0.2059,0.66,0.2087
model-1585468409,1585468417.308,0.7,0.1946,0.66,0.2204
model-1585468409,1585468417.33,0.68,0.2203,0.69,0.2035
model-1585468409,1585468417.351,0.77,0.1714,0.73,0.1786
model-1585468409,1585468417.371,0.77,0.1641,0.67,0.1995
model-1585468409,1585468417.392,0.76,0.1697,0.73,0.1954
model-1585468409,1585468417.416,0.72,0.1786,0.69,0.2217
model-1585468409,1585468417.437,0.7,0.1902,0.77,0.1764
model-1585468409,1585468417.457,0.62,0.2201,0.65,0.2175
model-1585468409,1585468417.478,0.65,0.2201,0.73,0.1921
model-1585468409,1585468417.499,0.64,0.2232,0.6,0.2507
model-1585468409,1585468417.524,0.75,0.1751,0.72,0.2004
model-1585468409,1585468417.549,0.66,0.2187,0.66,0.2095
model-1585468409,1585468417.572,0.65,0.2066,0.65,0.2244
model-1585468409,1585468417.594,0.63,0.213,0.79,0.1635
model-1585468409,1585468417.616,0.64,0.2211,0.66,0.2051
model-1585468409,1585468417.638,0.74,0.175,0.67,0.1987
model-1585468409,1585468417.661,0.76,0.18,0.71,0.1968
model-1585468409,1585468417.683,0.64,0.2181,0.75,0.1713
model-1585468409,1585468417.704,0.68,0.2044,0.63,0.2252
model-1585468409,1585468417.726,0.69,0.2122,0.68,0.2006
model-1585468409,1585468417.748,0.68,0.2105,0.64,0.2075
model-1585468409,1585468417.77,0.75,0.185,0.64,0.1951
model-1585468409,1585468417.791,0.69,0.2138,0.68,0.2023
model-1585468409,1585468417.813,0.67,0.2017,0.72,0.1959
model-1585468409,1585468417.834,0.63,0.2201,0.72,0.19
model-1585468409,1585468417.856,0.71,0.1983,0.76,0.1916
model-1585468409,1585468417.879,0.73,0.2081,0.7,0.2159
model-1585468409,1585468417.9,0.65,0.2134,0.7,0.2089
model-1585468409,1585468417.921,0.66,0.2029,0.75,0.1614
model-1585468409,1585468417.942,0.7,0.203,0.73,0.1842
model-1585468409,1585468417.964,0.73,0.192,0.7,0.1945
model-1585468409,1585468417.987,0.68,0.2145,0.71,0.2035
model-1585468409,1585468418.007,0.68,0.2108,0.68,0.2235
model-1585468409,1585468418.028,0.68,0.1995,0.7,0.2163
model-1585468409,1585468418.05,0.65,0.2095,0.7,0.2041
model-1585468409,1585468418.073,0.79,0.1679,0.75,0.1709
model-1585468409,1585468418.097,0.66,0.209,0.73,0.1859
model-1585468409,1585468418.118,0.62,0.2179,0.7,0.1945
model-1585468409,1585468418.14,0.78,0.16,0.72,0.1894
model-1585468409,1585468418.162,0.78,0.1665,0.67,0.211
model-1585468409,1585468418.185,0.74,0.1782,0.62,0.2449
model-1585468409,1585468418.207,0.63,0.2114,0.63,0.2156
model-1585468409,1585468418.229,0.73,0.1959,0.66,0.201
model-1585468409,1585468418.251,0.67,0.1991,0.64,0.1929
model-1585468409,1585468418.273,0.82,0.1438,0.71,0.1806
model-1585468409,1585468418.296,0.76,0.1529,0.72,0.1814
model-1585468409,1585468418.318,0.73,0.1906,0.65,0.2273
model-1585468409,1585468418.34,0.68,0.2131,0.71,0.1968
model-1585468409,1585468418.361,0.74,0.1786,0.77,0.1558
model-1585468409,1585468418.382,0.73,0.1975,0.66,0.2046
model-1585468409,1585468418.404,0.68,0.2051,0.67,0.2034
model-1585468409,1585468418.427,0.73,0.1675,0.66,0.2195
model-1585468409,1585468418.448,0.74,0.178,0.79,0.1424
model-1585468409,1585468418.469,0.7,0.1887,0.77,0.1588
model-1585468409,1585468418.489,0.69,0.1822,0.75,0.1776
model-1585468409,1585468418.512,0.64,0.2076,0.67,0.2112
model-1585468409,1585468418.534,0.63,0.221,0.77,0.1729
model-1585468409,1585468418.555,0.72,0.1899,0.65,0.2094
model-1585468409,1585468418.576,0.71,0.189,0.75,0.1644
model-1585468409,1585468418.597,0.72,0.183,0.72,0.2057
model-1585468409,1585468418.619,0.71,0.1891,0.68,0.2246
model-1585468409,1585468418.641,0.77,0.1562,0.69,0.1967
model-1585468409,1585468418.662,0.75,0.1798,0.72,0.1888
model-1585468409,1585468418.683,0.67,0.2223,0.63,0.2216
model-1585468409,1585468418.703,0.71,0.1869,0.7,0.1961
model-1585468409,1585468418.725,0.66,0.225,0.75,0.1911
model-1585468409,1585468418.747,0.65,0.2155,0.67,0.2223
model-1585468409,1585468418.768,0.72,0.197,0.65,0.2107
model-1585468409,1585468418.789,0.81,0.1491,0.7,0.1848
model-1585468409,1585468418.81,0.76,0.1618,0.7,0.1815
model-1585468409,1585468418.832,0.75,0.1603,0.74,0.1701
model-1585468409,1585468418.853,0.64,0.1875,0.65,0.2118
model-1585468409,1585468418.874,0.72,0.1679,0.69,0.21
model-1585468409,1585468418.895,0.78,0.1687,0.73,0.1833
model-1585468409,1585468418.916,0.68,0.1902,0.68,0.2138
model-1585468409,1585468418.937,0.69,0.1888,0.66,0.2105
model-1585468409,1585468418.959,0.78,0.1572,0.76,0.1729
model-1585468409,1585468418.98,0.72,0.1908,0.53,0.249
model-1585468409,1585468419.001,0.69,0.2025,0.73,0.1692
model-1585468409,1585468419.023,0.68,0.202,0.75,0.1759
model-1585468409,1585468419.045,0.69,0.2061,0.79,0.1669
model-1585468409,1585468419.068,0.79,0.1571,0.71,0.186
model-1585468409,1585468419.089,0.7,0.1957,0.67,0.206
model-1585468409,1585468419.111,0.75,0.1662,0.73,0.1993
model-1585468409,1585468419.133,0.82,0.1447,0.68,0.2098
model-1585468409,1585468419.156,0.67,0.2129,0.63,0.2306
model-1585468409,1585468419.179,0.69,0.1971,0.69,0.2066
model-1585468409,1585468419.201,0.76,0.1632,0.72,0.1998
model-1585468409,1585468419.222,0.63,0.2365,0.7,0.1985
model-1585468409,1585468419.245,0.65,0.2187,0.71,0.1944
model-1585468409,1585468419.269,0.73,0.1822,0.73,0.1802
model-1585468409,1585468419.291,0.77,0.181,0.74,0.1809
model-1585468409,1585468419.314,0.66,0.2028,0.7,0.1853
model-1585468409,1585468419.335,0.72,0.1721,0.75,0.1654
model-1585468409,1585468419.357,0.75,0.1712,0.71,0.1951
model-1585468409,1585468419.379,0.71,0.2045,0.69,0.187
model-1585468409,1585468419.4,0.67,0.1809,0.7,0.1978
model-1585468409,1585468419.421,0.67,0.2015,0.71,0.2101
model-1585468409,1585468419.442,0.7,0.2118,0.59,0.2145
model-1585468409,1585468419.463,0.65,0.1966,0.69,0.1957
model-1585468409,1585468419.485,0.75,0.1695,0.7,0.1768
model-1585468409,1585468419.507,0.71,0.1913,0.8,0.1604
model-1585468409,1585468419.528,0.68,0.2,0.7,0.1817
model-1585468409,1585468419.549,0.68,0.2044,0.72,0.1884
model-1585468409,1585468419.564,0.73,0.2031,0.7,0.2
model-1585468409,1585468419.588,0.78,0.1598,0.69,0.2011
model-1585468409,1585468419.61,0.74,0.1723,0.82,0.1447
model-1585468409,1585468419.644,0.72,0.1927,0.7,0.2001
model-1585468409,1585468419.667,0.72,0.2037,0.7,0.2066
model-1585468409,1585468419.713,0.7,0.1928,0.65,0.2142
model-1585468409,1585468419.756,0.69,0.185,0.67,0.2142
model-1585468409,1585468419.798,0.65,0.2021,0.63,0.2079
model-1585468409,1585468419.822,0.78,0.1699,0.74,0.1723
model-1585468409,1585468419.846,0.79,0.1671,0.66,0.2196
model-1585468409,1585468419.869,0.66,0.2039,0.69,0.2168
model-1585468409,1585468419.891,0.69,0.1966,0.67,0.2149
model-1585468409,1585468419.912,0.73,0.1953,0.66,0.2106
model-1585468409,1585468419.938,0.78,0.1635,0.69,0.2085
model-1585468409,1585468419.959,0.81,0.1419,0.78,0.1526
model-1585468409,1585468419.981,0.69,0.1939,0.75,0.1928
model-1585468409,1585468420.003,0.76,0.1706,0.71,0.1827
model-1585468409,1585468420.024,0.7,0.1781,0.79,0.1621
model-1585468409,1585468420.051,0.83,0.1521,0.7,0.2002
model-1585468409,1585468420.073,0.74,0.1725,0.68,0.2082
model-1585468409,1585468420.094,0.79,0.149,0.7,0.1754
model-1585468409,1585468420.116,0.65,0.206,0.75,0.1723
model-1585468409,1585468420.136,0.67,0.1906,0.87,0.1165
model-1585468409,1585468420.159,0.74,0.1645,0.66,0.2216
model-1585468409,1585468420.181,0.82,0.1411,0.64,0.2357
model-1585468409,1585468420.202,0.76,0.1689,0.64,0.23
model-1585468409,1585468420.222,0.74,0.1768,0.63,0.2395
model-1585468409,1585468420.243,0.75,0.1721,0.8,0.1413
model-1585468409,1585468420.268,0.76,0.1687,0.8,0.1492
model-1585468409,1585468420.289,0.74,0.1587,0.66,0.2129
model-1585468409,1585468420.31,0.8,0.1517,0.72,0.1922
model-1585468409,1585468420.33,0.72,0.1467,0.77,0.1757
model-1585468409,1585468420.351,0.66,0.2128,0.8,0.1475
model-1585468409,1585468420.373,0.73,0.179,0.67,0.2032
model-1585468409,1585468420.396,0.86,0.145,0.69,0.2106
model-1585468409,1585468420.417,0.81,0.1604,0.67,0.2016
model-1585468409,1585468420.437,0.71,0.2061,0.71,0.183
model-1585468409,1585468420.458,0.73,0.2,0.68,0.2091
model-1585468409,1585468420.482,0.7,0.1813,0.61,0.226
model-1585468409,1585468420.504,0.58,0.2474,0.71,0.1695
model-1585468409,1585468420.527,0.68,0.1938,0.69,0.1958
model-1585468409,1585468420.554,0.78,0.1653,0.71,0.185
model-1585468409,1585468420.579,0.75,0.1645,0.76,0.1671
model-1585468409,1585468420.605,0.71,0.1794,0.72,0.1968
model-1585468409,1585468420.628,0.64,0.212,0.68,0.21
model-1585468409,1585468420.65,0.71,0.1904,0.77,0.1736
model-1585468409,1585468420.671,0.82,0.1503,0.64,0.1974
model-1585468409,1585468420.692,0.75,0.1763,0.59,0.2357
model-1585468409,1585468420.717,0.68,0.1985,0.66,0.2134
model-1585468409,1585468420.738,0.72,0.1712,0.68,0.194
model-1585468409,1585468420.759,0.63,0.2204,0.74,0.1781
model-1585468409,1585468420.78,0.8,0.1571,0.76,0.1775
model-1585468409,1585468420.801,0.67,0.2054,0.74,0.1875
model-1585468409,1585468420.824,0.67,0.1926,0.73,0.1702
model-1585468409,1585468420.849,0.69,0.194,0.74,0.1945
model-1585468409,1585468420.87,0.79,0.1574,0.72,0.1915
model-1585468409,1585468420.891,0.7,0.2096,0.73,0.2073
model-1585468409,1585468420.912,0.77,0.1725,0.76,0.1696
model-1585468409,1585468420.935,0.67,0.2013,0.72,0.1874
model-1585468409,1585468420.957,0.73,0.1741,0.82,0.1517
model-1585468409,1585468420.978,0.71,0.1843,0.72,0.1847
model-1585468409,1585468420.999,0.76,0.1698,0.74,0.1895
model-1585468409,1585468421.02,0.73,0.1665,0.72,0.1891
model-1585468409,1585468421.041,0.75,0.1624,0.78,0.1526
model-1585468409,1585468421.063,0.63,0.2246,0.67,0.2222
model-1585468409,1585468421.084,0.79,0.1614,0.74,0.1554
model-1585468409,1585468421.105,0.8,0.1532,0.72,0.1862
model-1585468409,1585468421.127,0.71,0.1945,0.75,0.1853
model-1585468409,1585468421.159,0.79,0.1559,0.73,0.2051
model-1585468409,1585468421.183,0.77,0.1799,0.73,0.1861
model-1585468409,1585468421.205,0.78,0.1531,0.73,0.1898
model-1585468409,1585468421.226,0.76,0.1705,0.66,0.2211
model-1585468409,1585468421.248,0.83,0.136,0.7,0.2199
model-1585468409,1585468421.27,0.73,0.1649,0.74,0.1798
model-1585468409,1585468421.293,0.77,0.1462,0.66,0.2232
model-1585468409,1585468421.319,0.79,0.1647,0.77,0.1369
model-1585468409,1585468421.341,0.82,0.154,0.78,0.1327
model-1585468409,1585468421.364,0.75,0.1546,0.85,0.1303
model-1585468409,1585468421.388,0.72,0.1983,0.64,0.2243
model-1585468409,1585468421.411,0.69,0.2028,0.8,0.1486
model-1585468409,1585468421.432,0.77,0.154,0.74,0.1717
model-1585468409,1585468421.454,0.71,0.1879,0.68,0.2078
model-1585468409,1585468421.475,0.79,0.1678,0.74,0.196
model-1585468409,1585468421.501,0.77,0.1403,0.72,0.1672
model-1585468409,1585468421.523,0.82,0.1425,0.69,0.1959
model-1585468409,1585468421.546,0.83,0.1447,0.71,0.1754
model-1585468409,1585468421.568,0.79,0.1597,0.74,0.1853
model-1585468409,1585468421.59,0.79,0.1575,0.76,0.1696
model-1585468409,1585468421.616,0.77,0.1496,0.74,0.1885
model-1585468409,1585468421.637,0.82,0.1288,0.75,0.1656
model-1585468409,1585468421.659,0.72,0.1758,0.75,0.1513
model-1585468409,1585468421.68,0.74,0.1719,0.69,0.1868
model-1585468409,1585468421.701,0.75,0.1579,0.63,0.2149
model-1585468409,1585468421.724,0.81,0.1492,0.8,0.1411
model-1585468409,1585468421.747,0.73,0.1907,0.64,0.2232
model-1585468409,1585468421.768,0.73,0.1832,0.76,0.1755
model-1585468409,1585468421.789,0.65,0.2281,0.61,0.2351
model-1585468409,1585468421.81,0.72,0.2003,0.74,0.1816
model-1585468409,1585468421.835,0.8,0.1545,0.69,0.1935
model-1585468409,1585468421.858,0.73,0.1777,0.74,0.1919
model-1585468409,1585468421.895,0.76,0.1812,0.81,0.1418
model-1585468409,1585468421.918,0.72,0.1624,0.71,0.1821
model-1585468409,1585468421.941,0.73,0.1759,0.8,0.1481
model-1585468409,1585468421.969,0.71,0.1967,0.69,0.1892
model-1585468409,1585468421.991,0.79,0.1585,0.72,0.1714
model-1585468409,1585468422.013,0.78,0.1657,0.69,0.2135
model-1585468409,1585468422.035,0.81,0.1367,0.74,0.1843
model-1585468409,1585468422.057,0.78,0.1649,0.66,0.2378
model-1585468409,1585468422.083,0.69,0.1994,0.77,0.176
model-1585468409,1585468422.105,0.75,0.1612,0.74,0.1826
model-1585468409,1585468422.126,0.73,0.1925,0.74,0.1733
model-1585468409,1585468422.148,0.71,0.1985,0.72,0.1993
model-1585468409,1585468422.17,0.72,0.1819,0.76,0.1875
model-1585468409,1585468422.194,0.73,0.1577,0.62,0.2293
model-1585468409,1585468422.217,0.71,0.1921,0.68,0.1942
model-1585468409,1585468422.238,0.76,0.161,0.66,0.2032
model-1585468409,1585468422.259,0.76,0.1698,0.65,0.2109
model-1585468409,1585468422.28,0.78,0.145,0.83,0.1459
model-1585468409,1585468422.304,0.74,0.1724,0.78,0.1563
model-1585468409,1585468422.333,0.78,0.1559,0.74,0.1782
model-1585468409,1585468422.362,0.76,0.1755,0.69,0.1802
model-1585468409,1585468422.393,0.73,0.1723,0.69,0.2022
model-1585468409,1585468422.415,0.74,0.1724,0.73,0.1935
model-1585468409,1585468422.438,0.79,0.1356,0.69,0.2082
model-1585468409,1585468422.46,0.81,0.1325,0.71,0.2018
model-1585468409,1585468422.481,0.83,0.1368,0.85,0.1123
model-1585468409,1585468422.502,0.78,0.1412,0.76,0.1853
model-1585468409,1585468422.523,0.8,0.1527,0.78,0.1719
model-1585468409,1585468422.546,0.73,0.1844,0.75,0.1609
model-1585468409,1585468422.568,0.67,0.1797,0.7,0.1995
model-1585468409,1585468422.589,0.74,0.1913,0.81,0.1691
model-1585468409,1585468422.61,0.77,0.1491,0.69,0.2024
model-1585468409,1585468422.632,0.75,0.1811,0.66,0.2055
model-1585468409,1585468422.654,0.77,0.1534,0.71,0.2143
model-1585468409,1585468422.676,0.8,0.1589,0.68,0.2092
model-1585468409,1585468422.698,0.68,0.2029,0.76,0.1761
model-1585468409,1585468422.719,0.75,0.1645,0.82,0.1296
model-1585468409,1585468422.74,0.84,0.1393,0.78,0.1494
model-1585468409,1585468422.763,0.66,0.2154,0.75,0.1646
model-1585468409,1585468422.784,0.74,0.1801,0.77,0.1506
model-1585468409,1585468422.805,0.73,0.1879,0.75,0.1658
model-1585468409,1585468422.826,0.76,0.1693,0.84,0.1311
model-1585468409,1585468422.849,0.81,0.1455,0.78,0.1568
model-1585468409,1585468422.872,0.73,0.1828,0.72,0.1899
model-1585468409,1585468422.895,0.71,0.1836,0.76,0.1647
model-1585468409,1585468422.918,0.71,0.19,0.73,0.1903
model-1585468409,1585468422.94,0.76,0.1801,0.75,0.1667
model-1585468409,1585468422.961,0.69,0.1752,0.67,0.1943
model-1585468409,1585468422.983,0.71,0.1798,0.76,0.1666
model-1585468409,1585468423.005,0.71,0.1801,0.86,0.1316
model-1585468409,1585468423.026,0.81,0.1596,0.67,0.2115
model-1585468409,1585468423.048,0.7,0.1658,0.78,0.1486
model-1585468409,1585468423.069,0.7,0.1881,0.71,0.1892
model-1585468409,1585468423.092,0.68,0.1957,0.77,0.1557
model-1585468409,1585468423.114,0.72,0.1787,0.69,0.2061
model-1585468409,1585468423.136,0.71,0.1763,0.68,0.2046
model-1585468409,1585468423.158,0.85,0.1415,0.69,0.188
model-1585468409,1585468423.179,0.65,0.2069,0.71,0.1745
model-1585468409,1585468423.202,0.69,0.1953,0.76,0.1768
model-1585468409,1585468423.223,0.82,0.1342,0.71,0.1872
model-1585468409,1585468423.245,0.81,0.1405,0.74,0.1783
model-1585468409,1585468423.266,0.76,0.1656,0.77,0.16
model-1585468409,1585468423.287,0.73,0.1917,0.67,0.2186
model-1585468409,1585468423.309,0.78,0.1818,0.69,0.2072
model-1585468409,1585468423.331,0.75,0.1613,0.75,0.1653
model-1585468409,1585468423.352,0.85,0.1298,0.79,0.1642
model-1585468409,1585468423.373,0.77,0.1521,0.72,0.1959
model-1585468409,1585468423.394,0.76,0.1651,0.74,0.1643
model-1585468409,1585468423.416,0.67,0.1958,0.72,0.1677
model-1585468409,1585468423.437,0.8,0.1568,0.73,0.1725
model-1585468409,1585468423.459,0.78,0.179,0.74,0.1608
model-1585468409,1585468423.48,0.77,0.1688,0.62,0.1984
model-1585468409,1585468423.5,0.81,0.1281,0.74,0.1883
model-1585468409,1585468423.523,0.79,0.1541,0.69,0.1892
model-1585468409,1585468423.545,0.79,0.1532,0.74,0.1967
model-1585468409,1585468423.566,0.74,0.1604,0.83,0.1318
model-1585468409,1585468423.588,0.74,0.1696,0.65,0.2327
model-1585468409,1585468423.61,0.71,0.1953,0.69,0.1822
model-1585468409,1585468423.633,0.75,0.1677,0.79,0.1486
model-1585468409,1585468423.654,0.74,0.1504,0.61,0.2187
model-1585468409,1585468423.675,0.76,0.1591,0.75,0.1682
model-1585468409,1585468423.696,0.76,0.1637,0.78,0.1703
model-1585468409,1585468423.716,0.84,0.123,0.79,0.1458
model-1585468409,1585468423.738,0.75,0.1629,0.68,0.2182
model-1585468409,1585468423.759,0.7,0.195,0.7,0.2201
model-1585468409,1585468423.78,0.79,0.1701,0.69,0.1967
model-1585468409,1585468423.8,0.71,0.1822,0.73,0.1694
model-1585468409,1585468423.821,0.65,0.2079,0.72,0.2134
model-1585468409,1585468423.843,0.76,0.1679,0.67,0.1873
model-1585468409,1585468423.864,0.89,0.1031,0.72,0.1776
model-1585468409,1585468423.885,0.79,0.1501,0.78,0.1843
model-1585468409,1585468423.906,0.8,0.1359,0.74,0.1548
model-1585468409,1585468423.926,0.78,0.1572,0.77,0.1566
model-1585468409,1585468423.948,0.78,0.1296,0.77,0.1611
model-1585468409,1585468423.969,0.76,0.1402,0.73,0.1734
model-1585468409,1585468423.991,0.76,0.1661,0.63,0.2387
model-1585468409,1585468424.012,0.77,0.1531,0.76,0.1592
model-1585468409,1585468424.032,0.83,0.1333,0.77,0.154
model-1585468409,1585468424.054,0.8,0.1529,0.71,0.1809
model-1585468409,1585468424.076,0.75,0.1717,0.63,0.2182
model-1585468409,1585468424.096,0.69,0.1777,0.74,0.1901
model-1585468409,1585468424.117,0.73,0.1817,0.78,0.1572
model-1585468409,1585468424.138,0.81,0.1284,0.75,0.1816
model-1585468409,1585468424.16,0.71,0.166,0.77,0.1588
model-1585468409,1585468424.182,0.82,0.1429,0.73,0.1886
model-1585468409,1585468424.203,0.83,0.1258,0.79,0.1391
model-1585468409,1585468424.224,0.69,0.19,0.73,0.1944
model-1585468409,1585468424.245,0.71,0.1917,0.74,0.1783
model-1585468409,1585468424.266,0.77,0.1504,0.76,0.1582
model-1585468409,1585468424.288,0.71,0.2006,0.72,0.2069
model-1585468409,1585468424.309,0.74,0.1828,0.78,0.1491
model-1585468409,1585468424.331,0.73,0.1528,0.76,0.1635
model-1585468409,1585468424.356,0.82,0.1413,0.74,0.1883
model-1585468409,1585468424.382,0.78,0.1621,0.74,0.1966
model-1585468409,1585468424.405,0.81,0.1326,0.72,0.1835
model-1585468409,1585468424.428,0.8,0.1363,0.76,0.1689
model-1585468409,1585468424.451,0.74,0.1675,0.77,0.1425
model-1585468409,1585468424.473,0.77,0.1491,0.67,0.2036
model-1585468409,1585468424.498,0.72,0.1884,0.78,0.1638
model-1585468409,1585468424.52,0.7,0.1858,0.69,0.1943
model-1585468409,1585468424.542,0.71,0.1824,0.68,0.2122
model-1585468409,1585468424.564,0.85,0.131,0.86,0.133
model-1585468409,1585468424.586,0.78,0.1628,0.68,0.1912
model-1585468409,1585468424.61,0.69,0.1985,0.83,0.1279
model-1585468409,1585468424.634,0.73,0.1896,0.78,0.1711
model-1585468409,1585468424.651,0.77,0.1767,0.78,0.1561
model-1585468409,1585468424.675,0.81,0.1315,0.78,0.1722
model-1585468409,1585468424.698,0.77,0.1494,0.77,0.1728
model-1585468409,1585468424.721,0.77,0.1547,0.76,0.1633
model-1585468409,1585468424.751,0.75,0.1734,0.73,0.1647
model-1585468409,1585468424.774,0.77,0.1655,0.63,0.2222
model-1585468409,1585468424.797,0.78,0.1549,0.74,0.1819
model-1585468409,1585468424.821,0.71,0.187,0.74,0.1793
model-1585468409,1585468424.843,0.81,0.1411,0.81,0.1497
model-1585468409,1585468424.866,0.83,0.1428,0.68,0.2101
model-1585468409,1585468424.887,0.77,0.1603,0.85,0.1195
model-1585468409,1585468424.91,0.76,0.1621,0.81,0.155
model-1585468409,1585468424.932,0.78,0.1524,0.84,0.14
model-1585468409,1585468424.954,0.81,0.1479,0.77,0.1609
model-1585468409,1585468424.975,0.82,0.1265,0.74,0.1523
model-1585468409,1585468424.996,0.78,0.1723,0.8,0.1439
model-1585468409,1585468425.018,0.79,0.1576,0.66,0.2224
model-1585468409,1585468425.041,0.76,0.1562,0.68,0.2183
model-1585468409,1585468425.062,0.82,0.1296,0.75,0.1712
model-1585468409,1585468425.084,0.76,0.1539,0.77,0.154
model-1585468409,1585468425.106,0.79,0.1379,0.85,0.114
model-1585468409,1585468425.129,0.72,0.1667,0.69,0.1874
model-1585468409,1585468425.151,0.74,0.1656,0.68,0.194
model-1585468409,1585468425.173,0.79,0.1386,0.73,0.1849
model-1585468409,1585468425.196,0.83,0.1148,0.73,0.172
model-1585468409,1585468425.218,0.78,0.1528,0.79,0.126
model-1585468409,1585468425.24,0.74,0.1603,0.8,0.1495
model-1585468409,1585468425.263,0.76,0.1646,0.74,0.1785
model-1585468409,1585468425.284,0.79,0.1422,0.76,0.1519
model-1585468409,1585468425.306,0.82,0.1381,0.75,0.1444
model-1585468409,1585468425.328,0.77,0.1486,0.79,0.15
model-1585468409,1585468425.35,0.78,0.1259,0.74,0.1865
model-1585468409,1585468425.372,0.75,0.1889,0.81,0.1278
model-1585468409,1585468425.393,0.69,0.1749,0.7,0.1683
model-1585468409,1585468425.414,0.83,0.1138,0.74,0.1667
model-1585468409,1585468425.436,0.83,0.1253,0.73,0.1711
model-1585468409,1585468425.458,0.68,0.204,0.77,0.1495
model-1585468409,1585468425.48,0.75,0.1784,0.8,0.1374
model-1585468409,1585468425.501,0.78,0.1597,0.7,0.2077
model-1585468409,1585468425.522,0.69,0.2091,0.76,0.1626
model-1585468409,1585468425.543,0.77,0.1672,0.7,0.1812
model-1585468409,1585468425.567,0.78,0.1457,0.77,0.1724
model-1585468409,1585468425.587,0.81,0.1397,0.78,0.1741
model-1585468409,1585468425.611,0.79,0.1594,0.71,0.2036
model-1585468409,1585468425.636,0.67,0.1881,0.75,0.1694
model-1585468409,1585468425.657,0.71,0.1734,0.67,0.2047
model-1585468409,1585468425.68,0.83,0.1294,0.77,0.1599
model-1585468409,1585468425.702,0.79,0.15,0.73,0.2051
model-1585468409,1585468425.723,0.74,0.1665,0.71,0.1833
model-1585468409,1585468425.744,0.79,0.1467,0.8,0.1584
model-1585468409,1585468425.765,0.66,0.2005,0.7,0.1965
model-1585468409,1585468425.787,0.81,0.1386,0.7,0.2095
model-1585468409,1585468425.809,0.76,0.1685,0.74,0.1804
model-1585468409,1585468425.83,0.72,0.1721,0.71,0.1881
model-1585468409,1585468425.851,0.7,0.1873,0.69,0.2073
model-1585468409,1585468425.871,0.85,0.1293,0.78,0.1546
model-1585468409,1585468425.894,0.72,0.1945,0.69,0.1937
model-1585468409,1585468425.919,0.73,0.172,0.66,0.1909
model-1585468409,1585468425.94,0.73,0.1845,0.69,0.202
model-1585468409,1585468425.962,0.83,0.1419,0.71,0.1739
model-1585468409,1585468425.983,0.77,0.1601,0.81,0.147
model-1585468409,1585468426.006,0.79,0.1516,0.77,0.1462
model-1585468409,1585468426.029,0.81,0.1516,0.77,0.1745
model-1585468409,1585468426.05,0.78,0.1402,0.67,0.2026
model-1585468409,1585468426.072,0.73,0.1891,0.81,0.1577
model-1585468409,1585468426.093,0.81,0.1452,0.73,0.1689
model-1585468409,1585468426.115,0.85,0.1321,0.79,0.1581
model-1585468409,1585468426.137,0.78,0.1647,0.79,0.1745
model-1585468409,1585468426.158,0.81,0.1211,0.84,0.1108
model-1585468409,1585468426.179,0.76,0.1617,0.72,0.1802
model-1585468409,1585468426.2,0.82,0.1371,0.7,0.1863
model-1585468409,1585468426.222,0.79,0.1336,0.74,0.1875
model-1585468409,1585468426.245,0.85,0.1212,0.8,0.153
model-1585468409,1585468426.266,0.78,0.1583,0.75,0.1614
model-1585468409,1585468426.287,0.8,0.121,0.77,0.1298
model-1585468409,1585468426.308,0.82,0.1363,0.74,0.1868
model-1585468409,1585468426.33,0.79,0.1395,0.77,0.1726
model-1585468409,1585468426.352,0.81,0.1396,0.78,0.1437
model-1585468409,1585468426.373,0.77,0.15,0.77,0.1617
model-1585468409,1585468426.393,0.74,0.1626,0.87,0.1045
model-1585468409,1585468426.414,0.82,0.129,0.71,0.2085
model-1585468409,1585468426.437,0.79,0.1603,0.74,0.1619
model-1585468409,1585468426.459,0.79,0.1464,0.7,0.2044
model-1585468409,1585468426.48,0.8,0.1314,0.76,0.182
model-1585468409,1585468426.501,0.82,0.1392,0.75,0.1784
model-1585468409,1585468426.522,0.82,0.1326,0.69,0.2012
model-1585468409,1585468426.545,0.79,0.1298,0.79,0.154
model-1585468409,1585468426.57,0.81,0.1423,0.84,0.118
model-1585468409,1585468426.591,0.8,0.1392,0.81,0.1492
model-1585468409,1585468426.612,0.84,0.1019,0.7,0.1841
model-1585468409,1585468426.633,0.75,0.1574,0.76,0.164
model-1585468409,1585468426.655,0.81,0.1443,0.78,0.1398
model-1585468409,1585468426.678,0.82,0.1218,0.76,0.1708
model-1585468409,1585468426.699,0.79,0.1392,0.7,0.2017
model-1585468409,1585468426.719,0.73,0.1841,0.8,0.1384
model-1585468409,1585468426.741,0.7,0.1955,0.7,0.1949
model-1585468409,1585468426.764,0.74,0.1647,0.76,0.1581
model-1585468409,1585468426.788,0.8,0.167,0.69,0.2105
model-1585468409,1585468426.81,0.81,0.1366,0.73,0.1555
model-1585468409,1585468426.832,0.76,0.1498,0.73,0.1678
model-1585468409,1585468426.854,0.81,0.1353,0.76,0.1557
model-1585468409,1585468426.878,0.81,0.1285,0.72,0.1995
model-1585468409,1585468426.901,0.77,0.1483,0.77,0.1819
model-1585468409,1585468426.923,0.8,0.1411,0.83,0.1383
model-1585468409,1585468426.945,0.81,0.1317,0.78,0.1469
model-1585468409,1585468426.966,0.85,0.1318,0.8,0.1517
model-1585468409,1585468426.989,0.8,0.1278,0.64,0.2338
model-1585468409,1585468427.012,0.75,0.1647,0.72,0.1986
model-1585468409,1585468427.034,0.76,0.1869,0.79,0.1561
model-1585468409,1585468427.056,0.82,0.1308,0.73,0.1838
model-1585468409,1585468427.077,0.8,0.1656,0.71,0.1773
model-1585468409,1585468427.099,0.73,0.1802,0.8,0.1588
model-1585468409,1585468427.121,0.86,0.124,0.75,0.1956
model-1585468409,1585468427.142,0.81,0.1288,0.69,0.1993
model-1585468409,1585468427.164,0.76,0.1655,0.79,0.1621
model-1585468409,1585468427.185,0.8,0.1455,0.89,0.1033
model-1585468409,1585468427.207,0.79,0.1423,0.77,0.1458
model-1585468409,1585468427.229,0.85,0.1132,0.66,0.2179
model-1585468409,1585468427.25,0.74,0.1478,0.79,0.1528
model-1585468409,1585468427.271,0.82,0.1206,0.61,0.2224
model-1585468409,1585468427.292,0.8,0.1489,0.71,0.1964
model-1585468409,1585468427.314,0.72,0.1541,0.81,0.1744
model-1585468409,1585468427.336,0.82,0.1329,0.76,0.1876
model-1585468409,1585468427.357,0.84,0.1147,0.79,0.1451
model-1585468409,1585468427.377,0.83,0.1221,0.71,0.1886
model-1585468409,1585468427.398,0.86,0.1157,0.83,0.1251
model-1585468409,1585468427.42,0.88,0.1188,0.76,0.1601
model-1585468409,1585468427.442,0.85,0.1134,0.74,0.1647
model-1585468409,1585468427.463,0.79,0.1606,0.81,0.1377
model-1585468409,1585468427.483,0.83,0.1362,0.74,0.1716
model-1585468409,1585468427.504,0.71,0.1744,0.75,0.1778
model-1585468409,1585468427.526,0.8,0.1264,0.78,0.1495
model-1585468409,1585468427.549,0.79,0.1461,0.74,0.1673
model-1585468409,1585468427.57,0.81,0.1375,0.79,0.148
model-1585468409,1585468427.59,0.81,0.1537,0.74,0.1972
model-1585468409,1585468427.611,0.76,0.1748,0.72,0.1892
model-1585468409,1585468427.634,0.79,0.1461,0.71,0.1974
model-1585468409,1585468427.657,0.87,0.1018,0.71,0.1934
model-1585468409,1585468427.678,0.69,0.1943,0.83,0.1335
model-1585468409,1585468427.699,0.82,0.1424,0.74,0.1586
model-1585468409,1585468427.72,0.72,0.1729,0.72,0.1865
model-1585468409,1585468427.742,0.81,0.1475,0.81,0.1242
model-1585468409,1585468427.764,0.86,0.1245,0.74,0.1822
model-1585468409,1585468427.785,0.8,0.158,0.83,0.1392
model-1585468409,1585468427.805,0.78,0.1633,0.74,0.1887
model-1585468409,1585468427.827,0.77,0.1661,0.81,0.1389
model-1585468409,1585468427.849,0.79,0.15,0.79,0.1483
model-1585468409,1585468427.871,0.81,0.1414,0.77,0.1485
model-1585468409,1585468427.892,0.73,0.1618,0.8,0.1558
model-1585468409,1585468427.913,0.76,0.1481,0.8,0.1531
model-1585468409,1585468427.933,0.84,0.1405,0.69,0.2043
model-1585468409,1585468427.955,0.78,0.1538,0.72,0.1848
model-1585468409,1585468427.978,0.76,0.1666,0.76,0.175
model-1585468409,1585468427.999,0.78,0.1674,0.71,0.1805
model-1585468409,1585468428.019,0.77,0.1556,0.77,0.1566
model-1585468409,1585468428.04,0.8,0.1463,0.74,0.1693
model-1585468409,1585468428.063,0.83,0.1224,0.76,0.1667
model-1585468409,1585468428.084,0.65,0.2053,0.8,0.1372
model-1585468409,1585468428.106,0.72,0.1899,0.8,0.1659
model-1585468409,1585468428.129,0.78,0.1344,0.7,0.2104
model-1585468409,1585468428.155,0.82,0.122,0.8,0.1414
model-1585468409,1585468428.18,0.79,0.1501,0.72,0.1813
model-1585468409,1585468428.202,0.75,0.1706,0.66,0.2244
model-1585468409,1585468428.224,0.79,0.1526,0.76,0.1613
model-1585468409,1585468428.246,0.84,0.1353,0.81,0.1314
model-1585468409,1585468428.268,0.86,0.1017,0.78,0.163
model-1585468409,1585468428.291,0.81,0.1374,0.81,0.1274
model-1585468409,1585468428.314,0.77,0.1505,0.68,0.2087
model-1585468409,1585468428.335,0.73,0.1735,0.83,0.1287
model-1585468409,1585468428.356,0.75,0.1545,0.69,0.2064
model-1585468409,1585468428.378,0.81,0.1564,0.78,0.1506
model-1585468409,1585468428.399,0.78,0.1513,0.76,0.1616
model-1585468409,1585468428.422,0.86,0.1137,0.73,0.1793
model-1585468409,1585468428.444,0.83,0.1341,0.8,0.1398
model-1585468409,1585468428.465,0.77,0.146,0.72,0.2111
model-1585468409,1585468428.486,0.84,0.128,0.68,0.1901
model-1585468409,1585468428.509,0.78,0.158,0.69,0.1726
model-1585468409,1585468428.532,0.79,0.1663,0.76,0.1678
model-1585468409,1585468428.556,0.75,0.1527,0.78,0.1559
model-1585468409,1585468428.579,0.81,0.1215,0.73,0.1687
model-1585468409,1585468428.6,0.81,0.1514,0.8,0.155
model-1585468409,1585468428.623,0.8,0.1405,0.73,0.174
model-1585468409,1585468428.645,0.83,0.115,0.76,0.163
model-1585468409,1585468428.667,0.83,0.1381,0.74,0.1622
model-1585468409,1585468428.688,0.72,0.177,0.75,0.1654
model-1585468409,1585468428.709,0.8,0.1501,0.74,0.168
model-1585468409,1585468428.732,0.77,0.1448,0.77,0.1579
model-1585468409,1585468428.753,0.68,0.1901,0.86,0.1105
model-1585468409,1585468428.775,0.83,0.1433,0.7,0.1992
model-1585468409,1585468428.797,0.93,0.0739,0.73,0.1856
model-1585468409,1585468428.82,0.82,0.1298,0.88,0.0942
model-1585468409,1585468428.842,0.82,0.1277,0.75,0.1552
model-1585468409,1585468428.866,0.79,0.1517,0.77,0.1461
model-1585468409,1585468428.888,0.81,0.1142,0.79,0.1546
model-1585468409,1585468428.91,0.82,0.1288,0.8,0.139
model-1585468409,1585468428.932,0.82,0.1362,0.7,0.2003
model-1585468409,1585468428.956,0.81,0.1334,0.77,0.144
model-1585468409,1585468428.98,0.87,0.117,0.74,0.169
model-1585468409,1585468429.001,0.84,0.1318,0.76,0.1687
model-1585468409,1585468429.024,0.75,0.1573,0.75,0.1599
model-1585468409,1585468429.045,0.77,0.1554,0.78,0.1591
model-1585468409,1585468429.068,0.81,0.148,0.84,0.123
model-1585468409,1585468429.09,0.84,0.1119,0.8,0.1491
model-1585468409,1585468429.112,0.8,0.1291,0.78,0.1822
model-1585468409,1585468429.133,0.8,0.1306,0.72,0.1812
model-1585468409,1585468429.155,0.86,0.1133,0.7,0.171
model-1585468409,1585468429.178,0.71,0.1664,0.77,0.163
model-1585468409,1585468429.201,0.74,0.1531,0.75,0.1657
model-1585468409,1585468429.224,0.84,0.1319,0.83,0.1268
model-1585468409,1585468429.245,0.8,0.1706,0.79,0.1499
model-1585468409,1585468429.267,0.76,0.1743,0.74,0.1626
model-1585468409,1585468429.289,0.83,0.1198,0.7,0.1926
model-1585468409,1585468429.312,0.82,0.1205,0.9,0.0911
model-1585468409,1585468429.334,0.81,0.1396,0.67,0.1987
model-1585468409,1585468429.355,0.89,0.0996,0.76,0.1789
model-1585468409,1585468429.377,0.8,0.1313,0.82,0.1496
model-1585468409,1585468429.399,0.77,0.1506,0.76,0.1591
model-1585468409,1585468429.422,0.81,0.1323,0.72,0.1879
model-1585468409,1585468429.447,0.81,0.1575,0.76,0.1595
model-1585468409,1585468429.472,0.76,0.1742,0.65,0.2133
model-1585468409,1585468429.494,0.8,0.1511,0.76,0.1585
model-1585468409,1585468429.517,0.85,0.1132,0.71,0.194
model-1585468409,1585468429.542,0.74,0.1503,0.78,0.1726
model-1585468409,1585468429.567,0.7,0.1963,0.82,0.1432
model-1585468409,1585468429.589,0.76,0.1674,0.82,0.1508
model-1585468409,1585468429.605,0.81,0.1372,0.79,0.151
model-1585468409,1585468429.631,0.84,0.1181,0.73,0.2012
model-1585468409,1585468429.654,0.79,0.1495,0.65,0.2251
model-1585468409,1585468429.677,0.83,0.1379,0.88,0.106
model-1585468409,1585468429.709,0.81,0.142,0.8,0.1457
model-1585468409,1585468429.734,0.76,0.1517,0.74,0.1938
model-1585468409,1585468429.759,0.79,0.1369,0.77,0.1703
model-1585468409,1585468429.782,0.77,0.1553,0.66,0.2152
model-1585468409,1585468429.804,0.83,0.1208,0.77,0.1642
model-1585468409,1585468429.827,0.85,0.1225,0.84,0.1169
model-1585468409,1585468429.85,0.79,0.1453,0.73,0.1655
model-1585468409,1585468429.873,0.82,0.1329,0.71,0.1926
model-1585468409,1585468429.894,0.79,0.135,0.75,0.1809
model-1585468409,1585468429.917,0.82,0.131,0.73,0.1742
model-1585468409,1585468429.938,0.87,0.0929,0.78,0.1373
model-1585468409,1585468429.962,0.8,0.1539,0.79,0.1697
model-1585468409,1585468429.985,0.78,0.1466,0.81,0.1459
model-1585468409,1585468430.009,0.86,0.1165,0.77,0.1706
model-1585468409,1585468430.032,0.82,0.1267,0.78,0.1565
model-1585468409,1585468430.055,0.82,0.1385,0.66,0.2291
model-1585468409,1585468430.081,0.81,0.1191,0.75,0.1693
model-1585468409,1585468430.113,0.79,0.1459,0.74,0.1729
model-1585468409,1585468430.135,0.77,0.15,0.81,0.1485
model-1585468409,1585468430.158,0.82,0.1108,0.75,0.1621
model-1585468409,1585468430.182,0.85,0.0976,0.76,0.1614
model-1585468409,1585468430.204,0.8,0.1455,0.66,0.203
model-1585468409,1585468430.227,0.8,0.1379,0.76,0.1823
model-1585468409,1585468430.25,0.77,0.1648,0.87,0.1071
model-1585468409,1585468430.272,0.79,0.1255,0.81,0.1632
model-1585468409,1585468430.296,0.8,0.1204,0.8,0.1396
model-1585468409,1585468430.317,0.85,0.1095,0.72,0.1799
model-1585468409,1585468430.338,0.84,0.1152,0.76,0.1596
model-1585468409,1585468430.36,0.79,0.1551,0.79,0.1558
model-1585468409,1585468430.381,0.84,0.1213,0.81,0.1336
model-1585468409,1585468430.403,0.86,0.1122,0.78,0.1714
model-1585468409,1585468430.425,0.82,0.125,0.79,0.1345
model-1585468409,1585468430.447,0.78,0.1564,0.85,0.1264
model-1585468409,1585468430.468,0.78,0.1445,0.71,0.2042
model-1585468409,1585468430.499,0.73,0.1663,0.78,0.149
model-1585468409,1585468430.531,0.74,0.1702,0.68,0.2061
model-1585468409,1585468430.553,0.76,0.1582,0.72,0.1861
model-1585468409,1585468430.583,0.79,0.1495,0.8,0.1381
model-1585468409,1585468430.604,0.84,0.1128,0.76,0.157
model-1585468409,1585468430.626,0.84,0.1242,0.73,0.1796
model-1585468409,1585468430.648,0.77,0.1494,0.79,0.1405
model-1585468409,1585468430.669,0.73,0.1739,0.68,0.1922
model-1585468409,1585468430.691,0.9,0.1077,0.71,0.184
model-1585468409,1585468430.72,0.78,0.1523,0.74,0.1754
model-1585468409,1585468430.756,0.8,0.1468,0.75,0.164
model-1585468409,1585468430.784,0.78,0.1404,0.74,0.1692
model-1585468409,1585468430.811,0.73,0.1909,0.69,0.2037
model-1585468409,1585468430.841,0.87,0.1147,0.71,0.1974
model-1585468409,1585468430.862,0.79,0.1385,0.77,0.1729
model-1585468409,1585468430.884,0.79,0.1356,0.77,0.1619
model-1585468409,1585468430.906,0.77,0.1656,0.76,0.1659
model-1585468409,1585468430.927,0.87,0.1127,0.79,0.1616
model-1585468409,1585468430.948,0.76,0.1688,0.81,0.1519
model-1585468409,1585468430.969,0.74,0.1591,0.71,0.1816
model-1585468409,1585468430.991,0.76,0.1775,0.72,0.1752
model-1585468409,1585468431.016,0.8,0.1354,0.75,0.1792
model-1585468409,1585468431.047,0.74,0.1474,0.71,0.1887
model-1585468409,1585468431.07,0.8,0.1262,0.8,0.1537
model-1585468409,1585468431.103,0.84,0.1229,0.75,0.1859
model-1585468409,1585468431.126,0.78,0.1465,0.73,0.1778
model-1585468409,1585468431.149,0.71,0.1921,0.77,0.1684
model-1585468409,1585468431.18,0.82,0.129,0.78,0.1519
model-1585468409,1585468431.202,0.83,0.1238,0.82,0.152
model-1585468409,1585468431.223,0.79,0.1562,0.86,0.1284
model-1585468409,1585468431.246,0.84,0.1073,0.79,0.1563
model-1585468409,1585468431.273,0.8,0.1401,0.8,0.1377
model-1585468409,1585468431.317,0.82,0.1256,0.67,0.1891
model-1585468409,1585468431.361,0.78,0.1282,0.78,0.1806
model-1585468409,1585468431.402,0.89,0.1171,0.81,0.1476
model-1585468409,1585468431.438,0.82,0.137,0.77,0.1584
model-1585468409,1585468431.463,0.84,0.1054,0.7,0.2147
model-1585468409,1585468431.485,0.82,0.1246,0.8,0.1394
model-1585468409,1585468431.507,0.83,0.124,0.76,0.1727
model-1585468409,1585468431.532,0.85,0.1127,0.76,0.1646
model-1585468409,1585468431.555,0.8,0.1432,0.74,0.1667
model-1585468409,1585468431.576,0.78,0.136,0.71,0.1881
model-1585468409,1585468431.597,0.83,0.1115,0.84,0.1299
model-1585468409,1585468431.618,0.78,0.1561,0.74,0.1731
model-1585468409,1585468431.641,0.79,0.1291,0.74,0.1868
model-1585468409,1585468431.666,0.83,0.1194,0.73,0.1981
model-1585468409,1585468431.687,0.85,0.1273,0.69,0.2038
model-1585468409,1585468431.709,0.81,0.1252,0.76,0.174
model-1585468409,1585468431.73,0.86,0.1154,0.78,0.169
model-1585468409,1585468431.752,0.83,0.1236,0.75,0.1695
model-1585468409,1585468431.776,0.82,0.1334,0.75,0.1824
model-1585468409,1585468431.804,0.87,0.0865,0.68,0.1975
model-1585468409,1585468431.83,0.82,0.1277,0.71,0.1933
model-1585468409,1585468431.863,0.83,0.1256,0.75,0.1373
model-1585468409,1585468431.886,0.85,0.1006,0.76,0.1504
model-1585468409,1585468431.909,0.8,0.1263,0.81,0.1177
model-1585468409,1585468431.932,0.8,0.1397,0.71,0.1864
model-1585468409,1585468431.955,0.76,0.1738,0.77,0.1644
model-1585468409,1585468431.977,0.78,0.1429,0.76,0.1629
model-1585468409,1585468431.999,0.8,0.1459,0.69,0.2113
model-1585468409,1585468432.021,0.82,0.1249,0.74,0.1469
model-1585468409,1585468432.043,0.85,0.1175,0.79,0.1456
model-1585468409,1585468432.065,0.87,0.1167,0.77,0.1572
model-1585468409,1585468432.086,0.84,0.1134,0.76,0.1597
model-1585468409,1585468432.109,0.85,0.1087,0.68,0.1682
model-1585468409,1585468432.131,0.81,0.1234,0.78,0.1663
model-1585468409,1585468432.153,0.82,0.1181,0.76,0.1355
model-1585468409,1585468432.174,0.85,0.1112,0.83,0.1201
model-1585468409,1585468432.195,0.86,0.1098,0.73,0.1873
model-1585468409,1585468432.218,0.78,0.1529,0.74,0.1842
model-1585468409,1585468432.241,0.75,0.1804,0.85,0.1008
model-1585468409,1585468432.264,0.85,0.1162,0.87,0.1155
model-1585468409,1585468432.285,0.87,0.1265,0.77,0.1514
model-1585468409,1585468432.306,0.77,0.1543,0.83,0.1275
model-1585468409,1585468432.33,0.85,0.1064,0.9,0.0938
model-1585468409,1585468432.352,0.88,0.098,0.65,0.211
model-1585468409,1585468432.374,0.85,0.1291,0.78,0.1562
model-1585468409,1585468432.395,0.84,0.1195,0.84,0.1186
model-1585468409,1585468432.416,0.81,0.1282,0.74,0.1739
model-1585468409,1585468432.438,0.89,0.0926,0.86,0.1109
model-1585468409,1585468432.461,0.85,0.1217,0.69,0.1881
model-1585468409,1585468432.482,0.87,0.0967,0.81,0.1444
model-1585468409,1585468432.503,0.79,0.1387,0.74,0.1496
model-1585468409,1585468432.524,0.85,0.1174,0.7,0.2117
model-1585468409,1585468432.547,0.78,0.1271,0.85,0.1114
model-1585468409,1585468432.569,0.85,0.1017,0.77,0.1496
model-1585468409,1585468432.589,0.87,0.1036,0.78,0.1802
model-1585468409,1585468432.61,0.88,0.0891,0.76,0.1842
model-1585468409,1585468432.631,0.85,0.1107,0.79,0.1697
model-1585468409,1585468432.653,0.87,0.0948,0.79,0.1443
model-1585468409,1585468432.674,0.78,0.1657,0.86,0.1281
model-1585468409,1585468432.695,0.85,0.1231,0.79,0.1467
model-1585468409,1585468432.716,0.79,0.1509,0.84,0.1321
model-1585468409,1585468432.737,0.84,0.1024,0.79,0.1558
model-1585468409,1585468432.759,0.84,0.1281,0.74,0.1875
model-1585468409,1585468432.781,0.83,0.1296,0.77,0.1563
model-1585468409,1585468432.802,0.86,0.1189,0.8,0.1445
model-1585468409,1585468432.823,0.8,0.1618,0.81,0.1699
model-1585468409,1585468432.844,0.83,0.1221,0.68,0.209
model-1585468409,1585468432.866,0.91,0.0865,0.72,0.175
model-1585468409,1585468432.888,0.75,0.1751,0.75,0.1586
model-1585468409,1585468432.909,0.85,0.1222,0.72,0.193
model-1585468409,1585468432.93,0.81,0.1529,0.74,0.2084
model-1585468409,1585468432.951,0.81,0.1446,0.79,0.1535
model-1585468409,1585468432.973,0.86,0.101,0.73,0.2032
model-1585468409,1585468432.995,0.79,0.1487,0.78,0.162
model-1585468409,1585468433.016,0.84,0.128,0.76,0.1655
model-1585468409,1585468433.037,0.8,0.1546,0.81,0.1211
model-1585468409,1585468433.057,0.81,0.1376,0.86,0.1194
model-1585468409,1585468433.08,0.82,0.1326,0.83,0.1313
model-1585468409,1585468433.102,0.8,0.1293,0.8,0.1317
model-1585468409,1585468433.123,0.85,0.109,0.82,0.1242
model-1585468409,1585468433.144,0.86,0.1279,0.76,0.1558
model-1585468409,1585468433.164,0.85,0.1193,0.76,0.1802
model-1585468409,1585468433.186,0.79,0.1546,0.9,0.0938
model-1585468409,1585468433.208,0.79,0.1461,0.71,0.1851
model-1585468409,1585468433.229,0.8,0.1459,0.77,0.1761
model-1585468409,1585468433.25,0.82,0.1427,0.82,0.1434
model-1585468409,1585468433.27,0.87,0.1155,0.82,0.1177
model-1585468409,1585468433.292,0.72,0.1989,0.79,0.1678
model-1585468409,1585468433.314,0.74,0.1763,0.82,0.1297
model-1585468409,1585468433.336,0.87,0.0976,0.81,0.1345
model-1585468409,1585468433.359,0.84,0.1093,0.77,0.1668
model-1585468409,1585468433.383,0.78,0.1594,0.7,0.2171
model-1585468409,1585468433.407,0.77,0.1548,0.82,0.1236
model-1585468409,1585468433.431,0.8,0.136,0.81,0.1502
model-1585468409,1585468433.454,0.77,0.1292,0.8,0.155
model-1585468409,1585468433.477,0.83,0.1054,0.78,0.1551
model-1585468409,1585468433.501,0.82,0.1181,0.8,0.1517
model-1585468409,1585468433.524,0.87,0.1162,0.74,0.1897
model-1585468409,1585468433.547,0.8,0.157,0.65,0.2248
model-1585468409,1585468433.568,0.8,0.1329,0.72,0.2099
model-1585468409,1585468433.59,0.85,0.1381,0.84,0.1267
model-1585468409,1585468433.611,0.8,0.1378,0.86,0.1088
model-1585468409,1585468433.639,0.9,0.0956,0.72,0.1986
model-1585468409,1585468433.663,0.87,0.1066,0.75,0.1848
model-1585468409,1585468433.684,0.83,0.1205,0.78,0.1761
model-1585468409,1585468433.705,0.9,0.0988,0.7,0.2054
model-1585468409,1585468433.727,0.82,0.1391,0.81,0.1577
model-1585468409,1585468433.751,0.81,0.1328,0.81,0.1324
model-1585468409,1585468433.773,0.77,0.1424,0.79,0.147
model-1585468409,1585468433.796,0.81,0.1263,0.8,0.1358
model-1585468409,1585468433.819,0.79,0.1263,0.73,0.2082
model-1585468409,1585468433.841,0.79,0.1383,0.67,0.2146
model-1585468409,1585468433.865,0.87,0.0987,0.86,0.11
model-1585468409,1585468433.887,0.85,0.1188,0.76,0.1794
model-1585468409,1585468433.912,0.74,0.158,0.78,0.1527
model-1585468409,1585468433.945,0.86,0.1127,0.7,0.2061
model-1585468409,1585468433.97,0.83,0.1217,0.77,0.1685
model-1585468409,1585468433.994,0.75,0.1553,0.71,0.2024
model-1585468409,1585468434.017,0.83,0.1332,0.79,0.1474
model-1585468409,1585468434.041,0.94,0.0526,0.83,0.1365
model-1585468409,1585468434.064,0.84,0.1258,0.74,0.206
model-1585468409,1585468434.088,0.86,0.0998,0.85,0.1092
model-1585468409,1585468434.114,0.78,0.1478,0.79,0.1476
model-1585468409,1585468434.138,0.84,0.1122,0.77,0.1782
model-1585468409,1585468434.161,0.84,0.1129,0.82,0.1394
model-1585468409,1585468434.184,0.84,0.1133,0.82,0.14
model-1585468409,1585468434.208,0.86,0.1134,0.84,0.1194
model-1585468409,1585468434.242,0.86,0.1119,0.87,0.0894
model-1585468409,1585468434.271,0.87,0.1183,0.79,0.1463
model-1585468409,1585468434.293,0.8,0.1459,0.72,0.1955
model-1585468409,1585468434.32,0.86,0.1304,0.74,0.1955
model-1585468409,1585468434.345,0.84,0.1274,0.83,0.1209
model-1585468409,1585468434.372,0.88,0.0877,0.79,0.1712
model-1585468409,1585468434.397,0.9,0.0968,0.83,0.1218
model-1585468409,1585468434.421,0.85,0.114,0.78,0.1546
model-1585468409,1585468434.445,0.89,0.0931,0.7,0.1867
model-1585468409,1585468434.472,0.79,0.138,0.6,0.2592
model-1585468409,1585468434.499,0.79,0.1467,0.77,0.181
model-1585468409,1585468434.522,0.83,0.1349,0.82,0.133
model-1585468409,1585468434.546,0.77,0.17,0.72,0.1919
model-1585468409,1585468434.575,0.8,0.1461,0.6,0.2587
model-1585468409,1585468434.601,0.84,0.1126,0.77,0.1758
model-1585468409,1585468434.625,0.85,0.1148,0.76,0.1532
model-1585468409,1585468434.653,0.82,0.1194,0.78,0.1561
model-1585468409,1585468434.678,0.92,0.0831,0.75,0.1473
model-1585468409,1585468434.704,0.82,0.1256,0.75,0.1727
model-1585468409,1585468434.73,0.81,0.1288,0.77,0.1618
model-1585468409,1585468434.754,0.83,0.1269,0.82,0.1377
model-1585468409,1585468434.778,0.87,0.1212,0.72,0.181
model-1585468409,1585468434.805,0.78,0.1664,0.79,0.1458
model-1585468409,1585468434.831,0.77,0.1514,0.79,0.1438
model-1585468409,1585468434.854,0.88,0.1009,0.73,0.1646
model-1585468409,1585468434.88,0.83,0.1053,0.67,0.2281
model-1585468409,1585468434.905,0.75,0.1768,0.81,0.1322
model-1585468409,1585468434.927,0.79,0.1517,0.78,0.1436
model-1585468409,1585468434.95,0.88,0.0985,0.7,0.19
